{"/home/oskarandersson/Kurser/tdp013/Projekt/server/models/User.js":{"path":"/home/oskarandersson/Kurser/tdp013/Projekt/server/models/User.js","s":{"1":1,"2":1,"3":1},"b":{},"f":{},"fnMap":{},"statementMap":{"1":{"start":{"line":1,"column":0},"end":{"line":1,"column":36}},"2":{"start":{"line":3,"column":0},"end":{"line":20,"column":2}},"3":{"start":{"line":22,"column":0},"end":{"line":22,"column":51}}},"branchMap":{}},"/home/oskarandersson/Kurser/tdp013/Projekt/server/models/Page.js":{"path":"/home/oskarandersson/Kurser/tdp013/Projekt/server/models/Page.js","s":{"1":1,"2":1,"3":1,"4":1},"b":{},"f":{},"fnMap":{},"statementMap":{"1":{"start":{"line":1,"column":0},"end":{"line":1,"column":30}},"2":{"start":{"line":3,"column":0},"end":{"line":3,"column":36}},"3":{"start":{"line":5,"column":0},"end":{"line":14,"column":2}},"4":{"start":{"line":16,"column":0},"end":{"line":16,"column":51}}},"branchMap":{}},"/home/oskarandersson/Kurser/tdp013/Projekt/server/models/Post.js":{"path":"/home/oskarandersson/Kurser/tdp013/Projekt/server/models/Post.js","s":{"1":1,"2":1,"3":1},"b":{},"f":{},"fnMap":{},"statementMap":{"1":{"start":{"line":1,"column":0},"end":{"line":1,"column":36}},"2":{"start":{"line":3,"column":0},"end":{"line":17,"column":2}},"3":{"start":{"line":19,"column":0},"end":{"line":19,"column":51}}},"branchMap":{}}}