TN:
SF:manualStart.js
FN:5,(anonymous_0)
FNF:1
FNH:0
FNDA:0,(anonymous_0)
DA:1,0
DA:3,0
DA:5,0
DA:6,0
LF:4
LH:0
BRF:0
BRH:0
end_of_record
TN:
SF:server.js
FN:9,(anonymous_0)
FN:10,(anonymous_1)
FNF:2
FNH:1
FNDA:0,(anonymous_0)
FNDA:12,(anonymous_1)
DA:1,12
DA:3,12
DA:4,12
DA:5,12
DA:7,12
DA:8,12
DA:9,12
DA:10,12
DA:12,12
DA:14,12
DA:15,12
DA:19,12
LF:12
LH:12
BRF:0
BRH:0
end_of_record
TN:
SF:models/post.js
FNF:0
FNH:0
DA:1,12
DA:3,12
DA:23,12
LF:3
LH:3
BRF:0
BRH:0
end_of_record
TN:
SF:routes/messages.js
FN:7,(anonymous_0)
FN:22,(anonymous_1)
FN:37,(anonymous_2)
FN:46,messagesPost
FN:61,messagesGet
FN:74,idPatch
FN:99,idGet
FN:110,invalidId
FN:119,invalidChar
FNF:9
FNH:8
FNDA:42,(anonymous_0)
FNDA:39,(anonymous_1)
FNDA:0,(anonymous_2)
FNDA:24,messagesPost
FNDA:12,messagesGet
FNDA:20,idPatch
FNDA:19,idGet
FNDA:20,invalidId
FNDA:288,invalidChar
DA:1,12
DA:2,12
DA:3,12
DA:7,12
DA:10,42
DA:11,12
DA:14,30
DA:15,24
DA:18,6
DA:22,12
DA:25,39
DA:26,19
DA:29,20
DA:30,20
DA:33,0
DA:37,12
DA:38,0
DA:39,0
DA:42,0
DA:47,24
DA:53,24
DA:54,24
DA:55,12
DA:57,12
DA:62,12
DA:63,12
DA:64,12
DA:67,0
DA:69,0
DA:75,20
DA:76,20
DA:77,8
DA:78,8
DA:81,12
DA:82,12
DA:83,6
DA:84,6
DA:87,6
DA:88,6
DA:91,12
DA:92,12
DA:93,12
DA:95,0
DA:100,19
DA:101,19
DA:102,13
DA:103,13
DA:106,6
DA:111,20
DA:112,12
DA:113,288
DA:115,12
DA:116,12
DA:120,288
DA:121,0
DA:124,12
LF:56
LH:48
BRDA:10,0,0,12
BRDA:10,0,1,30
BRDA:14,1,0,24
BRDA:14,1,1,6
BRDA:25,2,0,19
BRDA:25,2,1,20
BRDA:29,3,0,20
BRDA:29,3,1,0
BRDA:38,4,0,0
BRDA:38,4,1,0
BRDA:76,5,0,8
BRDA:76,5,1,12
BRDA:82,6,0,6
BRDA:82,6,1,6
BRDA:111,7,0,8
BRDA:111,7,1,12
BRDA:113,8,0,0
BRDA:113,8,1,288
BRDA:120,9,0,288
BRDA:120,9,1,0
BRDA:120,10,0,288
BRDA:120,10,1,288
BRDA:120,10,2,120
BRDA:120,10,3,120
BRF:24
BRH:19
end_of_record
